/// syntax tests ///
4: Expected no error output but found [:: command not found]
5: Expected [1] status but found [0]
5: Expected no error output but found [!: command not found]
6: Expected [2] status but found [139] A.K.A. SIGSEGV or SEGMENTATION FAULT or CRASH !!!

6: Expected [syntax error near unexpected token `newline'] error output but found []
7: Expected [2] status but found [139] A.K.A. SIGSEGV or SEGMENTATION FAULT or CRASH !!!

7: Expected [syntax error near unexpected token `newline'] error output but found []
8: Expected [2] status but found [139] A.K.A. SIGSEGV or SEGMENTATION FAULT or CRASH !!!

8: Expected [syntax error near unexpected token `newline'] error output but found []
9: Expected [2] status but found [139] A.K.A. SIGSEGV or SEGMENTATION FAULT or CRASH !!!

9: Expected [syntax error near unexpected token `newline'] error output but found []
10: Expected [2] status but found [139] A.K.A. SIGSEGV or SEGMENTATION FAULT or CRASH !!!

10: Expected [syntax error near unexpected token `newline'] error output but found []
11: Expected [2] status but found [0]
11: Expected [syntax error near unexpected token `>>'] error output but found []
12: Expected [2] status but found [0]
12: Expected [syntax error near unexpected token `>>'] error output but found []
13: Expected [2] status but found [0]
13: Expected [syntax error near unexpected token `<<'] error output but found []
14: Expected [2] status but found [0]
14: Expected [syntax error near unexpected token `<<'] error output but found []
15: Expected [2] status but found [139] A.K.A. SIGSEGV or SEGMENTATION FAULT or CRASH !!!

15: Expected [syntax error near unexpected token `>'] error output but found []
16: Expected [2] status but found [139] A.K.A. SIGSEGV or SEGMENTATION FAULT or CRASH !!!

16: Expected [syntax error near unexpected token `>>'] error output but found []
17: Expected [2] status but found [0]
17: Expected [syntax error near unexpected token `>>'] error output but found []
18: Expected [126] status but found [1]
18: Expected [/: Is a directory] error output but found [execve: Permission denied]
19: Expected [126] status but found [1]
19: Expected [//: Is a directory] error output but found [execve: Permission denied]
20: Expected [126] status but found [1]
20: Expected [/.: Is a directory] error output but found [execve: Permission denied]
21: Expected [126] status but found [1]
21: Expected [/./../../../../..: Is a directory] error output but found [execve: Permission denied]
22: Expected [126] status but found [1]
22: Expected [///////: Is a directory] error output but found [execve: Permission denied]
23: Expected [127] status but found [0]
24: Expected [127] status but found [0]
25: Expected [127] status but found [0]
26: Expected [127] status but found [0]
27: Expected [2] status but found [0]
27: Expected [syntax error near unexpected token `|'] error output but found []
28: Expected [2] status but found [0]
28: Expected [syntax error near unexpected token `|'] error output but found []
29: Expected [2] status but found [0]
29: Expected [syntax error near unexpected token `|'] error output but found []
30: Expected [2] status but found [0]
30: Expected [syntax error near unexpected token `||'] error output but found []
31: Expected [2] status but found [0]
31: Expected [syntax error near unexpected token `||'] error output but found []
32: Expected [2] status but found [0]
32: Expected [syntax error near unexpected token `||'] error output but found []
33: Expected [2] status but found [139] A.K.A. SIGSEGV or SEGMENTATION FAULT or CRASH !!!

33: Expected [syntax error near unexpected token `|'] error output but found []
34: Expected [2] status but found [0]
34: Expected [syntax error near unexpected token `&&'] error output but found [&&: command not found]
35: Expected [2] status but found [0]
35: Expected [syntax error near unexpected token `&&'] error output but found [&&&&&: command not found]
36: Expected [2] status but found [0]
36: Expected [syntax error near unexpected token `&&'] error output but found [&&&&&&&&&&&&&&: command not found]
37: Expected [2] status but found [0]
37: Expected [syntax error near unexpected token `;;'] error output but found [;;: command not found]
38: Expected [2] status but found [0]
38: Expected [syntax error near unexpected token `;;'] error output but found [;;;;;: command not found]
39: Expected [2] status but found [0]
39: Expected [syntax error near unexpected token `;;'] error output but found [;;;;;;;;;;;;;;;: command not found]
40: Expected [2] status but found [0]
40: Expected [syntax error near unexpected token `)'] error output but found [(): command not found]
41: Expected [2] status but found [0]
41: Expected [syntax error near unexpected token `)'] error output but found [(: command not found]
42: Expected [2] status but found [0]
42: Expected [syntax error near unexpected token `)'] error output but found [(: command not found]
43: Expected [127] status but found [1]
43: Expected [: command not found] error output but found [execve: Permission denied]
44: Expected [127] status but found [0]
45: Expected [127] status but found [0]
46: Expected [127] status but found [1]
46: Expected [: command not found] error output but found [execve: Permission denied]
47: Expected [127] status but found [0]
48: Expected [127] status but found [1]
48: Expected [: command not found] error output but found [execve: No such file or directory]
49: Expected [127] status but found [1]
49: Expected [*/*: No such file or directory] error output but found [execve: No such file or directory]
50: Expected [2] status but found [0]
51: Expected [127] status but found [1]
51: Expected [..: command not found] error output but found [execve: Permission denied]
52: Expected [126] status but found [0]
52: Expected [/home/user: Is a directory] error output but found [~: command not found]
54: Expected [127] status but found [0]
55: Expected [127] status but found [0]
56: Expected [127] status but found [0]
57: Expected [127] status but found [0]
/// echo tests ///
61: Expected [127] status but found [0]
62: Expected [127] status but found [0]
88: Expected [0$] output but found [0 $]
90: Expected [$:$=$] output but found [:$ =$]
93: Expected [/home/user] output but found [/home/eltiob]
94: Expected [$HOME] output but found [\/home/eltiob E]
95: Expected [my shit terminal is [xterm-256color]] output but found [my shit terminal is [xterm-256color M]]
97: Expected [my shit terminal is []] output but found [my shit terminal is [TERM4 ]]
98: Expected [1000] output but found []
100: Expected [HOME] output but found []
101: Expected [/home/user%] output but found [/home/eltiob %]
102: Expected [1000/home/user%] output but found [$HOME]
103: Expected [Le path de mon HOME est /home/user] output but found [Le path de mon HOME est /home/eltiob]
104: Expected [user$USERuser$USERtestuser] output but found [eltiob eltiob $USER]
107: Expected [2] status but found [0]
107: Expected [syntax error near unexpected token `<'] error output but found []
108: Expected [2] status but found [0]
108: Expected [syntax error near unexpected token `|'] error output but found []
109: Expected [127] status but found [0]
110: Expected [127] status but found [0]
111: Expected [2] status but found [139] A.K.A. SIGSEGV or SEGMENTATION FAULT or CRASH !!!

111: Expected [syntax error near unexpected token `newline'] error output but found []
112: Expected [2] status but found [139] A.K.A. SIGSEGV or SEGMENTATION FAULT or CRASH !!!

112: Expected [syntax error near unexpected token `newline'] error output but found []
113: Expected [2] status but found [139] A.K.A. SIGSEGV or SEGMENTATION FAULT or CRASH !!!

113: Expected [syntax error near unexpected token `newline'] error output but found []
114: Expected [2] status but found [0]
114: Expected [syntax error near unexpected token `|'] error output but found []
115: Expected [2] status but found [0]
115: Expected [syntax error near unexpected token `|'] error output but found []
116: Expected [minitester.sh] output but found [*]
118: Expected [minitester.sh] output but found [minit*]
120: Expected [minitester.sh hola] output but found [*h hola]
121: Expected [minitester.sh] output but found [*h]
124: Expected [minitester.sh] output but found [*]
125: Expected [/home/user] output but found [/home/eltiob *]
133: Expected [0] status but found [139] A.K.A. SIGSEGV or SEGMENTATION FAULT or CRASH !!!

133: Expected [ME] output but found []
135: Expected [0] status but found [139] A.K.A. SIGSEGV or SEGMENTATION FAULT or CRASH !!!

135: Expected [ME] output but found []
137: Expected [0] status but found [139] A.K.A. SIGSEGV or SEGMENTATION FAULT or CRASH !!!

137: Expected [''ME'] output but found []
138: Expected [/home/user] output but found [/home/eltiob]
139: Expected [ /home/user] output but found [ /home/eltiob]
140: Expected [/home/user] output but found [/home/eltiob]
141: Expected [ /home/user] output but found [ /home/eltiob]
146: Expected [$=HOME] output but found [=HOME]
153: Expected [hola] output but found [ho la]
155: Expected [hola'] output but found ['ho la']
155: Expected [echo'hola': command not found] error output but found []
156: Expected [127] status but found [0]
156: Expected no error output but found [echo'hola': command not found]
163: Expected [echo hola: command not found] error output but found []
164: Expected [127] status but found [0]
165: Expected [127] status but found [0]
165: Expected no error output but found [echo hola: command not found]
173: Expected [bonjour] output but found [bonjo ur]
173: Expected [e'c'ho 'b'onjo'u'r: command not found] error output but found []
174: Expected [127] status but found [0]
174: Expected no error output but found [e'c'ho 'b': command not found]
175: Expected [0] status but found [139] A.K.A. SIGSEGV or SEGMENTATION FAULT or CRASH !!!

175: Expected [Makefile] output but found []
176: Expected [0] status but found [139] A.K.A. SIGSEGV or SEGMENTATION FAULT or CRASH !!!

176: Expected [Makefile] output but found []
177: Expected [0] status but found [139] A.K.A. SIGSEGV or SEGMENTATION FAULT or CRASH !!!

177: Expected [ Makefile] output but found []
/// dollar tests ///
178: Expected [127] status but found [0]
179: Expected [127] status but found [0]
179: Expected [00: command not found] error output but found [0: command not found]
180: Expected [127] status but found [1]
180: Expected [?/home/user: command not found] error output but found [execve: No such file or directory]
181: Expected [127] status but found [0]
182: Expected [126] status but found [1]
182: Expected [/home/user: Is a directory] error output but found [execve: Permission denied]
184: Expected [127] status but found [139] A.K.A. SIGSEGV or SEGMENTATION FAULT or CRASH !!!

184: Expected [: command not found] error output but found []
185: Expected [127] status but found [0]
187: Expected [127] status but found [0]
187: Expected [-R: command not found] error output but found [$VAR: command not found]
/// envvar tests ///
189: Expected [127] status but found [0]
189: Expected no output but found [_=./minishell
OLDPWD=/home/eltiob/github/minishell_asalucci
PULSE_SERVER=unix:/mnt/wslg/PulseServer
HOSTTYPE=x86_64
DBUS_SESSION_BUS_ADDRESS=unix:path=/run/user/1000/bus]
189: Expected [env: Ê»hola
€™: No such file or directory] error output but found []
190: Expected [127] status but found [0]
190: Expected no output but found [_=./minishell
OLDPWD=/home/eltiob/github/minishell_asalucci
PULSE_SERVER=unix:/mnt/wslg/PulseServer
HOSTTYPE=x86_64
DBUS_SESSION_BUS_ADDRESS=unix:path=/run/user/1000/bus]
190: Expected [env: Ê»hola
€™: No such file or directory] error output but found []
193: Expected [minitester.sh] output but found [_=./minishell
OLDPWD=/home/eltiob/github/minishell_asalucci
PULSE_SERVER=unix:/mnt/wslg/PulseServer
HOSTTYPE=x86_64
DBUS_SESSION_BUS_ADDRESS=unix:path=/run/user/1000/bus]
194: Expected [126] status but found [0]
194: Expected no output but found [_=./minishell
OLDPWD=/home/eltiob/github/minishell_asalucci
PULSE_SERVER=unix:/mnt/wslg/PulseServer
HOSTTYPE=x86_64
DBUS_SESSION_BUS_ADDRESS=unix:path=/run/user/1000/bus]
194: Expected [env: 
€
./Makefile
€™: Permission denied] error output but found []
197: Expected [export PATH="..."] output but found [declare -x DBUS_SESSION_BUS_ADDRESS="unix:path=/run/user/1000/bus"
declare -x XDG_RUNTIME_DIR="/run/user/1000/"
declare -x XDG_DATA_DIRS="/usr/local/share:/usr/share:/var/lib/snapd/desktop"
declare -x WSL_INTEROP="/run/WSL/44535_interop"
declare -x WSL_DISTRO_NAME="Ubuntu-22.04"]
201: Expected [export HOME="/home/user"] output but found []
201: Expected no error output but found [export: command not found]
202: Expected [1] status but found [0]
203: Expected [1] status but found [0]
203: Expected [minishell: export: Ê»=': not a valid identifier] error output but found [minishell: export: `=': not a valid identifier]
204: Expected [1] status but found [0]
204: Expected [minishell: export: Ê»%': not a valid identifier] error output but found [minishell: export: `%': not a valid identifier]
205: Expected [1] status but found [0]
206: Expected [1] status but found [0]
206: Expected [minishell: export: Ê»?=2': not a valid identifier] error output but found [minishell: export: `?=2': not a valid identifier]
207: Expected [1] status but found [0]
207: Expected [minishell: export: Ê»9HOLA=': not a valid identifier] error output but found [minishell: export: `9HOLA=': not a valid identifier]
212: Expected [1] status but found [0]
212: Expected [minishell: export: Ê»HOL@=bonjour
€™: not a valid identifier] error output but found [minishell: export: `HOL@=bonjour': not a valid identifier]
213: Expected [1] status but found [0]
213: Expected [minishell: export: `HOL~A=bonjour': not a valid identifier] error output but found [minishell: export: `HOL\~A=bonjour': not a valid identifier]
214: Expected [2] status but found [0]
214: Expected [minishell: export: -H: invalid option] error output but found [minishell: export: `-HOLA=bonjour': not a valid identifier]
215: Expected [2] status but found [0]
215: Expected [minishell: export: --: invalid option] error output but found [minishell: export: `--HOLA=bonjour': not a valid identifier]
216: Expected [1] status but found [0]
217: Expected [1] status but found [0]
218: Expected [1] status but found [0]
219: Expected [1] status but found [0]
219: Expected [minishell: export: `HOL\$A=bonjour': not a valid identifier] error output but found [minishell: export: `HOL\\\A': not a valid identifier
minishell: export: `=bonjour': not a valid identifier]
220: Expected [1] status but found [0]
220: Expected [minishell: export: `HO\\LA=bonjour': not a valid identifier] error output but found [minishell: export: `HO\\\\LA=bonjour': not a valid identifier]
221: Expected [1] status but found [0]
222: Expected [1] status but found [0]
223: Expected [1] status but found [0]
224: Expected [1] status but found [0]
225: Expected [1] status but found [0]
226: Expected [minishell: !LA=bonjour: event not found] error output but found [minishell: export: `HO!LA=bonjour': not a valid identifier]
227: Expected [HO0LA=bonjour] output but found [_=./minishell
OLDPWD=/home/eltiob/github/minishell_asalucci
PULSE_SERVER=unix:/mnt/wslg/PulseServer
HOSTTYPE=x86_64
DBUS_SESSION_BUS_ADDRESS=unix:path=/run/user/1000/bus]
227: Expected no error output but found [minishell: export: `0LA': not a valid identifier
minishell: export: `=bonjour': not a valid identifier]
228: Expected [1] status but found [0]
229: Expected [1] status but found [0]
232: Expected no error output but found [exportHOLA=bonjour: command not found]
233: Expected [1] status but found [0]
233: Expected [minishell: export: Ê»=bonjour
€™: not a valid identifier] error output but found [minishell: export: `=bonjour': not a valid identifier]
234: Expected [1] status but found [0]
234: Expected [minishell: export: Ê»=': not a valid identifier] error output but found [minishell: export: `=': not a valid identifier]
238: Expected [HOLA=/home/user] output but found [HOLA=/home/eltiob
_=./minishell
OLDPWD=/home/eltiob/github/minishell_asalucci
PULSE_SERVER=unix:/mnt/wslg/PulseServer
HOSTTYPE=x86_64]
239: Expected [HOLA=bonjour/home/user] output but found [HOLA=bonjour/home/eltiob
_=./minishell
OLDPWD=/home/eltiob/github/minishell_asalucci
PULSE_SERVER=unix:/mnt/wslg/PulseServer
HOSTTYPE=x86_64]
242: Expected [HOLA=bonjour] output but found [HOLA=bon\jour
_=./minishell
OLDPWD=/home/eltiob/github/minishell_asalucci
PULSE_SERVER=unix:/mnt/wslg/PulseServer
HOSTTYPE=x86_64]
243: Expected [HOLA=bon\jour] output but found [HOLA=bon\\jour
_=./minishell
OLDPWD=/home/eltiob/github/minishell_asalucci
PULSE_SERVER=unix:/mnt/wslg/PulseServer
HOSTTYPE=x86_64]
244: Expected [2] status but found [0]
244: Expected [minishell: syntax error near unexpected token `('] error output but found []
245: Expected [2] status but found [0]
245: Expected [minishell: syntax error near unexpected token `('] error output but found []
246: Expected [127] status but found [0]
246: Expected [jour: command not found] error output but found []
248: Expected no output but found [HOLA=bon;jour
_=./minishell
OLDPWD=/home/eltiob/github/minishell_asalucci
PULSE_SERVER=unix:/mnt/wslg/PulseServer
HOSTTYPE=x86_64]
248: Expected [jour: command not found


HOLA=bon] error output but found []
249: Expected [1] status but found [0]
249: Expected [minishell: !jour: event not found] error output but found []
252: Expected [HOLA=bonjour=casse-toi] output but found [bonjour=casse-toi]
253: Expected [HOLA=bonjour=casse-toi] output but found [bonjour=casse-toi]
256: Expected no error output but found [minishell: export: `=bonjour': not a valid identifier]
257: Expected [bonjour$] output but found [bonjour      $]
258: Expected [bonjour$>] output but found [   -n bonjour   ]
259: Expected [bonjour /] output but found [bonjour   ]
259: Expected no error output but found [minishell: export: `/': not a valid identifier]
260: Expected [0] status but found [139] A.K.A. SIGSEGV or SEGMENTATION FAULT or CRASH !!!

260: Expected [ " $] output but found []
261: Expected [[cela affiche le Makefile]] output but found []
261: Expected no error output but found [cHOLA: command not found]
262: Expected [1] status but found [0]
264: Expected [heyheyhey=heyhey] output but found [hey hey $HOLA]
265: Expected [bonjour hey$] output but found [  bonjour  hey  $]
266: Expected [0] status but found [139] A.K.A. SIGSEGV or SEGMENTATION FAULT or CRASH !!!

266: Expected [   bonjour    hey    $] output but found []
267: Expected [0] status but found [139] A.K.A. SIGSEGV or SEGMENTATION FAULT or CRASH !!!

267: Expected [wesh   bonjour    hey    $] output but found []
268: Expected [wesh bonjour hey .] output but found [weshHOLA .]
269: Expected [weshHOLA.] output but found [wesh$ HOLA.]
270: Expected [weshHOLA HOLA.] output but found [wesh$ HOLA HOLA.]
271: Expected [0] status but found [139] A.K.A. SIGSEGV or SEGMENTATION FAULT or CRASH !!!

271: Expected [hola et bonjour] output but found []
273: Expected [0] status but found [139] A.K.A. SIGSEGV or SEGMENTATION FAULT or CRASH !!!

273: Expected [hola et bonjourbonjour] output but found []
274: Expected [ls -l - a] output but found [ls        -l    - a]
275: Expected [total] output but found []
275: Expected no error output but found [lHOLA: command not found]
276: Expected [127] status but found [0]
276: Expected [ls -la: command not found] error output but found [lHOLA: command not found]
277: Expected [127] status but found [0]
279: Expected [0] status but found [139] A.K.A. SIGSEGV or SEGMENTATION FAULT or CRASH !!!

279: Expected [minitester.sh] output but found []
281: Expected [127] status but found [0]
283: Expected [1] status but found [0]
283: Expected no output but found [_=./minishell
OLDPWD=/home/eltiob/github/minishell_asalucci
PULSE_SERVER=unix:/mnt/wslg/PulseServer
HOSTTYPE=x86_64
DBUS_SESSION_BUS_ADDRESS=unix:path=/run/user/1000/bus]
284: Expected [1] status but found [0]
285: Expected [1] status but found [0]
286: Expected [1] status but found [0]
287: Expected [1] status but found [0]
288: Expected [127] status but found [0]
288: Expected [pBYEd: command not found] error output but found [p: command not found]
289: Expected [127] status but found [139] A.K.A. SIGSEGV or SEGMENTATION FAULT or CRASH !!!

289: Expected [p$BYEd: command not found] error output but found []
290: Expected [0] status but found [139] A.K.A. SIGSEGV or SEGMENTATION FAULT or CRASH !!!

290: Expected [/home/user/Desktop/42cursus/minishell/_402/minishell42tester-main] output but found []
291: Expected [127] status but found [0]
291: Expected [HOLABYEd: command not found] error output but found [HOLA: command not found]
292: Expected [127] status but found [0]
292: Expected [HOLABYEd: command not found] error output but found [HOLA: command not found]
293: Expected [127] status but found [0]
293: Expected no output but found [ heyminishell$ exit]
293: Expected [echo -n: command not found] error output but found []
294: Expected [0] status but found [139] A.K.A. SIGSEGV or SEGMENTATION FAULT or CRASH !!!

294: Expected [1'2$C"$D5"$F'7'8] output but found []
298: Expected [127] status but found [0]
298: Expected [minishell: ls: No such file or directory] error output but found [ls: command not found]
299: Expected [1] status but found [0]
299: Expected [minishell: unset: `': not a valid identifier] error output but found [unset: `': not a valid identifier]
304: Expected [1] status but found [0]
304: Expected [minishell: unset: `9HOLA': not a valid identifier] error output but found [unset: `9HOLA': not a valid identifier]
306: Expected [1] status but found [0]
306: Expected [minishell: unset: `HOL?A': not a valid identifier] error output but found [unset: `HOL?A': not a valid identifier]
307: Expected [1] status but found [0]
307: Expected [minishell: unset: `HOL?A': not a valid identifier] error output but found [unset: `HOL?A': not a valid identifier]
308: Expected [1] status but found [0]
308: Expected [minishell: unset: `HOL?A': not a valid identifier] error output but found [unset: `HOL?A': not a valid identifier]
309: Expected [1] status but found [0]
310: Expected [1] status but found [0]
310: Expected [minishell: unset: `HOLA=': not a valid identifier] error output but found []
311: Expected [1] status but found [0]
311: Expected [minishell: unset: `HOL\\A': not a valid identifier] error output but found [unset: `HOL\\\\A': not a valid identifier]
312: Expected [127] status but found [0]
312: Expected [A: command not found] error output but found [unset: `HOL;A': not a valid identifier]
313: Expected [1] status but found [0]
313: Expected [minishell: unset: `HOL.A': not a valid identifier] error output but found [unset: `HOL.A': not a valid identifier]
314: Expected [1] status but found [0]
314: Expected [minishell: unset: `HOL+A': not a valid identifier] error output but found [unset: `HOL+A': not a valid identifier]
315: Expected [1] status but found [0]
315: Expected [minishell: unset: `HOL=A': not a valid identifier] error output but found []
316: Expected [1] status but found [0]
316: Expected [minishell: unset: `HOL{A': not a valid identifier] error output but found [unset: `HOL{A': not a valid identifier]
317: Expected [1] status but found [0]
317: Expected [minishell: unset: `HOL}A': not a valid identifier] error output but found [unset: `HOL}A': not a valid identifier]
318: Expected [1] status but found [0]
318: Expected [minishell: unset: `HOL-A': not a valid identifier] error output but found [unset: `HOL-A': not a valid identifier]
319: Expected [2] status but found [0]
319: Expected [minishell: unset: -H: invalid option] error output but found [unset: `-HOLA': not a valid identifier]
323: Expected [1] status but found [0]
323: Expected [minishell: unset: `HOL*A': not a valid identifier] error output but found [unset: `HOL*A': not a valid identifier]
324: Expected [1] status but found [0]
324: Expected [minishell: unset: `HOL#A': not a valid identifier] error output but found [unset: `HOL#A': not a valid identifier]
326: Expected [1] status but found [0]
326: Expected [minishell: unset: `/home/user/Desktop/42cursus/minishell/_402/minishell42tester-main': not a valid identifier] error output but found [unset: `/home/eltiob/github/minishell_asalucci/minishell42tester-main': not a valid identifier]
327: Expected [1] status but found [0]
327: Expected [minishell: unset: `HOL@': not a valid identifier] error output but found [unset: `HOL@': not a valid identifier]
328: Expected [1] status but found [0]
328: Expected [minishell: !A: event not found] error output but found [unset: `HOL!A': not a valid identifier]
329: Expected [1] status but found [0]
329: Expected [minishell: unset: `HOL^A': not a valid identifier] error output but found [unset: `HOL^A': not a valid identifier]
330: Expected no error output but found [unset: `0A': not a valid identifier]
331: Expected [1] status but found [0]
331: Expected [minishell: unset: `HOL~': not a valid identifier] error output but found [unset: `HOL\~A': not a valid identifier]
332: Expected [minishell: unset: `': not a valid identifier] error output but found [unset: `': not a valid identifier]
334: Expected [1] status but found [0]
334: Expected [minishell: cat: No such file or directory] error output but found [cat: command not found]
335: Expected [minishell: unset: `=': not a valid identifier] error output but found [unset: `=': not a valid identifier]
336: Expected [minishell: unset: `======': not a valid identifier] error output but found [unset: `======': not a valid identifier]
337: Expected [minishell: unset: `++++++': not a valid identifier] error output but found [unset: `++++++': not a valid identifier]
345: Expected no error output but found [unset: command not found
export: command not found]
/// cdpwd tests ///
346: Expected [/home/user/Desktop/42cursus/minishell/_402/minishell42tester-main] output but found [/home/eltiob/github/minishell_asalucci/minishell42tester-main]
347: Expected [/home/user/Desktop/42cursus/minishell/_402/minishell42tester-main] output but found [/home/eltiob/github/minishell_asalucci/minishell42tester-main]
348: Expected [/home/user/Desktop/42cursus/minishell/_402/minishell42tester-main] output but found [/home/eltiob/github/minishell_asalucci/minishell42tester-main]
349: Expected [/home/user/Desktop/42cursus/minishell/_402/minishell42tester-main] output but found [/home/eltiob/github/minishell_asalucci/minishell42tester-main]
350: Expected [2] status but found [0]
350: Expected no output but found [/home/eltiob/github/minishell_asalucci/minishell42tester-main]
350: Expected [pwd: -p: invalid option] error output but found []
351: Expected [2] status but found [0]
351: Expected no output but found [/home/eltiob/github/minishell_asalucci/minishell42tester-main]
351: Expected [pwd: --: invalid option] error output but found []
352: Expected [2] status but found [0]
352: Expected no output but found [/home/eltiob/github/minishell_asalucci/minishell42tester-main]
352: Expected [pwd: --: invalid option] error output but found []
353: Expected [/home/user/Desktop/42cursus/minishell/_402/minishell42tester-main] output but found [/home/eltiob/github/minishell_asalucci/minishell42tester-main]
354: Expected [/home/user/Desktop/42cursus/minishell/_402/minishell42tester-main] output but found [/home/eltiob/github/minishell_asalucci/minishell42tester-main]
355: Expected [/home/user/Desktop/42cursus/minishell/_402/minishell42tester-main] output but found [/home/eltiob/github/minishell_asalucci/minishell42tester-main]
356: Expected [/home/user/Desktop/42cursus/minishell/_402/minishell42tester-main] output but found [/home/eltiob/github/minishell_asalucci/minishell42tester-main]
367: Expected no error output but found [cd: No such file or directory]
368: Expected [1] status but found [0]
368: Expected [cd: too many arguments] error output but found [ too many arguments]
369: Expected no error output but found [cd: No such file or directory]
370: Expected no error output but found [cd: No such file or directory]
374: Expected [1] status but found [0]
374: Expected [cd: sr: No such file or directory] error output but found [cd: No such file or directory]
375: Expected [1] status but found [0]
375: Expected [cd: Makefile: Not a directory] error output but found [cd: No such file or directory]
376: Expected no error output but found [cd: Not a directory]
378: Expected [1] status but found [0]
378: Expected [cd: .././../.././../bin/ls: No such file or directory] error output but found [cd: No such file or directory]
381: Expected [//] output but found [/]
382: Expected [//] output but found [/]
386: Expected [1] status but found [0]
386: Expected [cd: /minishell: No such file or directory] error output but found [cd: No such file or directory]
388: Expected [1] status but found [0]
388: Expected [cd: _: No such file or directory] error output but found [cd: No such file or directory]
389: Expected [/home/user/Desktop/42cursus/minishell/_402/minishell42tester-main] output but found []
389: Expected no error output but found [cd: No such file or directory]
390: Expected no error output but found [cd: No such file or directory]
391: Expected [2] status but found [0]
391: Expected [cd: --: invalid option] error output but found [cd: No such file or directory]
393: Expected [1] status but found [0]
393: Expected [cd: too many arguments] error output but found [ too many arguments]
394: Expected no error output but found [ too many arguments]
395: Expected no error output but found [cd: No such file or directory]
396: Expected [1] status but found [0]
396: Expected [cd: $PWD/srcs: No such file or directory] error output but found [cd: No such file or directory]
397: Expected [1] status but found [0]
397: Expected [cd: HOME not set] error output but found [cd: Inappropriate ioctl for device]
398: Expected no error output but found [cd: No such file or directory]
399: Expected [1] status but found [0]
399: Expected [cd: HOME not set] error output but found [cd: Inappropriate ioctl for device]
400: Expected [1] status but found [0]
400: Expected [cd: too many arguments] error output but found [ too many arguments]
401: Expected no error output but found [cd: command not found]
402: Expected no error output but found [cd: No such file or directory]
403: Expected no error output but found [cd: No such file or directory]
404: Expected no error output but found [cd: command not found]
405: Expected no error output but found [cd: No such file or directory]
406: Expected [1] status but found [0]
406: Expected [cd: minishell: No such file or directory] error output but found [cd: No such file or directory]
407: Expected [1] status but found [0]
407: Expected [cd: too many arguments] error output but found [cd: No such file or directory]
408: Expected [chdir: error retrieving current directory: getcwd: cannot access parent directories: No such file or directory] error output but found [rm: cannot remove 'a': No such file or directory]
409: Expected [pwd: error retrieving current directory: getcwd: cannot access parent directories: No such file or directory] error output but found []
410: Expected [0] status but found [1]
410: Expected [/home/user/Desktop/42cursus/minishell/_402/minishell42tester-main/a/b] output but found []
410: Expected no error output but found [mkdir: cannot create directory â€˜aâ€™: File exists]
411: Expected [0] status but found [1]
411: Expected [/home] output but found []
411: Expected no error output but found [mkdir: cannot create directory â€˜aâ€™: File exists]
412: Expected [0] status but found [1]
412: Expected [../../../home/user/Desktop/42cursus/minishell/_402/minishell42tester-main/a] output but found []
412: Expected no error output but found [mkdir: cannot create directory â€˜aâ€™: File exists]
413: Expected no error output but found [ too many arguments]
414: Expected [/home/user] output but found []
414: Expected no error output but found [cd: No such file or directory]
/// exit tests ///
417: Expected [exit] error output but found []
421: Expected [exit] error output but found []
422: Expected [exit] error output but found []
423: Expected [exit] error output but found []
430: Expected [exit] error output but found []
431: Expected [exit] error output but found []
432: Expected [exit] error output but found []
433: Expected [exit] error output but found []
434: Expected [exit] error output but found []
435: Expected [exit] error output but found []
436: Expected [exit] error output but found []
437: Expected [exit] error output but found []
438: Expected [exit] error output but found []
439: Expected [exit] error output but found []
440: Expected [exit] error output but found []
446: Expected [exit] error output but found []
447: Expected [exit] error output but found []
448: Expected [exit] error output but found []
449: Expected [exit] error output but found []
452: Expected [exit] error output but found []
453: Expected [exit] error output but found []
456: Expected [exit] error output but found []
457: Expected [170] status but found [0]
457: Expected [exit] error output but found []
458: Expected [86] status but found [0]
458: Expected [exit] error output but found []
459: Expected [exit] error output but found []
460: Expected [2] status but found [0]
460: Expected [exit


minishell: exit: 9223372036854775808: numeric argument required] error output but found []
461: Expected [exit] error output but found []
462: Expected [2] status but found [255]
462: Expected [exit


minishell: exit: -9223372036854775809: numeric argument required] error output but found []
/// pipe tests ///
464: Expected no error output but found [exit: command not found]
465: Expected [42] status but found [0]
465: Expected no error output but found [exit: command not found]
466: Expected [minitester.sh] output but found []
467: Expected [hola$] output but found []
468: Expected [0] status but found [1]
468: Expected no error output but found [exit: command not found]
474: Expected [1] status but found [0]
475: Expected [1] status but found [0]
478: Expected no error output but found [cd: command not found]
479: Expected no error output but found [cd: command not found]
480: Expected [/home/user/Desktop/42cursus/minishell/_402/minishell42tester-main] output but found [/home/eltiob/github/minishell_asalucci/minishell42tester-main]
480: Expected no error output but found [cd: command not found]
481: Expected [docker0: flags=4099<UP,BROADCAST,MULTICAST>  mtu 1500


   ether 02:42:27:cf:95:49  txqueuelen 0  (Ethernet)] output but found []
481: Expected no error output but found [ifconfig: command not found]
482: Expected [1] status but found [0]
482: Expected no error output but found [ifconfig: command not found]
483: Expected [user] output but found [eltiob]
484: Expected [0] status but found [1]
484: Expected [user] output but found [eltiob]
485: Expected [0] status but found [1]
485: Expected [user$$] output but found [eltiob$$]
486: Expected [0] status but found [1]
486: Expected [ls: /usr/bin/ls /usr/share/man/man1/ls.1posix.gz /usr/share/man/man1/ls.1.gz$$] output but found [ls: /usr/bin/ls /usr/share/man/man1/ls.1.gz$$]
487: Expected [127] status but found [1]
487: Expected [hola: command not found] error output but found []
488: Expected [2] status but found [0]
489: Expected [127] status but found [0]
494: Expected [1] status but found [0]
502: Expected [hola] output but found []
503: Expected [2] status but found [0]
503: Expected [minishell: syntax error near


unexpected token `|'] error output but found []
505: Expected [$$] output but found []
505: Expected no error output but found [cat: .testignore: No such file or directory]
506: Expected [syntax;] output but found []
506: Expected no error output but found [cat: .testignore: No such file or directory]
507: Expected [syntax;] output but found []
507: Expected no error output but found [cat: .testignore: No such file or directory]
508: Expected [1] status but found [0]
508: Expected [minishell: cd: file_not_exist: No such file or directory] error output but found [cat: .testignore: No such file or directory
cd: command not found]
509: Expected [127] status but found [0]
510: Expected no error output but found [export: command not found]
511: Expected no error output but found [unset: command not found]
512: Expected [1] status but found [0]
512: Expected no error output but found [export: command not found]
513: Expected no error output but found [export: command not found]
515: Expected [real0m3.002s


user0m0.003s] output but found []
515: Expected no error output but found [0.00user 0.00system 0:01.00elapsed 0%CPU (0avgtext+0avgdata 1792maxresident)k
0inputs+0outputs (0major+98minor)pagefaults 0swaps]
516: Expected no error output but found [exit: command not found]
518: Expected [0] status but found [1]
518: Expected no error output but found [a: Is a directory
cat: a: Is a directory
rm: cannot remove 'a': Is a directory]
/// tricky tests ///
519: Expected [0] status but found [1]
519: Expected [minishell: ./minishell: Permission denied] error output but found []
520: Expected [2] status but found [126]
520: Expected [ls: cannot access 'hola': No such file or directory] error output but found [./minitester.sh: line 299: ./minishell: Permission denied]
521: Expected [minishell: ./README.md: Permission denied] error output but found [./minitester.sh: line 299: ./minishell: Permission denied]
522: Expected [0] status but found [126]
522: Expected no error output but found [./minitester.sh: line 299: ./minishell: Permission denied]
523: Expected [0] status but found [126]
523: Expected no error output but found [./minitester.sh: line 299: ./minishell: Permission denied]
524: Expected [minishell: ./hola: Permission denied] error output but found [./minitester.sh: line 299: ./minishell: Permission denied]
525: Expected [0] status but found [126]
525: Expected [53] output but found []
525: Expected no error output but found [./minitester.sh: line 299: ./minishell: Permission denied]
526: Expected [127] status but found [126]
526: Expected [wc -l: command not found] error output but found [./minitester.sh: line 299: ./minishell: Permission denied]
527: Expected [0] status but found [126]
527: Expected [2] output but found []
527: Expected no error output but found [./minitester.sh: line 299: ./minishell: Permission denied]
528: Expected [0] status but found [126]
528: Expected [0] output but found []
528: Expected no error output but found [./minitester.sh: line 299: ./minishell: Permission denied]
529: Expected [0] status but found [126]
529: Expected [~~] output but found []
529: Expected no error output but found [./minitester.sh: line 299: ./minishell: Permission denied]
530: Expected [0] status but found [126]
530: Expected [~lol] output but found []
530: Expected no error output but found [./minitester.sh: line 299: ./minishell: Permission denied]
531: Expected [0] status but found [126]
531: Expected [lol~] output but found []
531: Expected no error output but found [./minitester.sh: line 299: ./minishell: Permission denied]
/// redir tests ///
532: Expected [0] status but found [126]
532: Expected [hola] output but found []
532: Expected no error output but found [./minitester.sh: line 299: ./minishell: Permission denied]
533: Expected [0] status but found [126]
533: Expected [hola


que tal] output but found []
533: Expected no error output but found [./minitester.sh: line 299: ./minishell: Permission denied]
534: Expected [0] status but found [126]
534: Expected [] output but found []
534: Expected no error output but found [./minitester.sh: line 299: ./minishell: Permission denied]
535: Expected [0] status but found [126]
535: Expected [que tal] output but found []
535: Expected no error output but found [./minitester.sh: line 299: ./minishell: Permission denied]
536: Expected [0] status but found [126]
536: Expected [hola que tal] output but found []
536: Expected no error output but found [./minitester.sh: line 299: ./minishell: Permission denied]
537: Expected [0] status but found [126]
537: Expected [hola que tal$] output but found []
537: Expected no error output but found [./minitester.sh: line 299: ./minishell: Permission denied]
538: Expected [0] status but found [126]
538: Expected [


hola] output but found []
538: Expected no error output but found [./minitester.sh: line 299: ./minishell: Permission denied]
539: Expected [0] status but found [126]
539: Expected [grep: /usr/bin/grep /usr/share/man/man1/grep.1.gz /usr/share/man/man1/grep.1posix.gz /usr/share/info/grep.info.gz] output but found []
539: Expected no error output but found [./minitester.sh: line 299: ./minishell: Permission denied]
540: Expected [0] status but found [126]
540: Expected [total 16


drwx------  2 user [...] .] output but found []
540: Expected no error output but found [./minitester.sh: line 299: ./minishell: Permission denied]
541: Expected [0] status but found [126]
541: Expected [/home/user/Desktop/42cursus/minishell/_402/minishell42tester-main] output but found []
541: Expected no error output but found [./minitester.sh: line 299: ./minishell: Permission denied]
542: Expected [0] status but found [126]
542: Expected [/home/user/Desktop/42cursus/minishell/_402/minishell42tester-main] output but found []
542: Expected no error output but found [./minitester.sh: line 299: ./minishell: Permission denied]
543: Expected [2] status but found [126]
543: Expected [minishell: syntax error near unexpected token `>'] error output but found [./minitester.sh: line 299: ./minishell: Permission denied]
544: Expected [2] status but found [126]
544: Expected [minishell: syntax error near unexpected token `<'] error output but found [./minitester.sh: line 299: ./minishell: Permission denied]
545: Expected [2] status but found [126]
545: Expected [minishell: syntax error near unexpected token `>'] error output but found [./minitester.sh: line 299: ./minishell: Permission denied]
546: Expected [0] status but found [126]
546: Expected [hola] output but found []
546: Expected no error output but found [./minitester.sh: line 299: ./minishell: Permission denied]
547: Expected [0] status but found [126]
547: Expected [hola] output but found []
547: Expected no error output but found [./minitester.sh: line 299: ./minishell: Permission denied]
548: Expected [127] status but found [0]
548: Expected [


bonjour [...]] output but found []
548: Expected [minishell: prout: command not found] error output but found [./minitester.sh: line 299: ./minishell: Permission denied]
549: Expected [0] status but found [126]
549: Expected [


hello] output but found []
549: Expected no error output but found [./minitester.sh: line 299: ./minishell: Permission denied]
550: Expected [0] status but found [126]
550: Expected [hola


hola] output but found []
550: Expected no error output but found [./minitester.sh: line 299: ./minishell: Permission denied]
551: Expected [0] status but found [126]
551: Expected [hola] output but found []
551: Expected no error output but found [./minitester.sh: line 299: ./minishell: Permission denied]
552: Expected [0] status but found [126]
552: Expected [hola


hola] output but found []
552: Expected no error output but found [./minitester.sh: line 299: ./minishell: Permission denied]
553: Expected [0] status but found [126]
553: Expected [hola] output but found []
553: Expected no error output but found [./minitester.sh: line 299: ./minishell: Permission denied]
554: Expected [0] status but found [126]
554: Expected [hola


hola] output but found []
554: Expected no error output but found [./minitester.sh: line 299: ./minishell: Permission denied]
555: Expected [0] status but found [126]
555: Expected no error output but found [./minitester.sh: line 299: ./minishell: Permission denied]
556: Expected [0] status but found [126]
556: Expected no error output but found [./minitester.sh: line 299: ./minishell: Permission denied]
557: Expected [0] status but found [126]
557: Expected [hola] output but found []
557: Expected no error output but found [./minitester.sh: line 299: ./minishell: Permission denied]
558: Expected [0] status but found [126]
558: Expected [hola] output but found []
558: Expected no error output but found [./minitester.sh: line 299: ./minishell: Permission denied]
559: Expected [0] status but found [126]
559: Expected [hola] output but found []
559: Expected no error output but found [./minitester.sh: line 299: ./minishell: Permission denied]
560: Expected [0] status but found [126]
560: Expected [hola] output but found []
560: Expected no error output but found [./minitester.sh: line 299: ./minishell: Permission denied]
561: Expected [0] status but found [126]
561: Expected [hola] output but found []
561: Expected no error output but found [./minitester.sh: line 299: ./minishell: Permission denied]
562: Expected [0] status but found [126]
562: Expected [hola] output but found []
562: Expected no error output but found [./minitester.sh: line 299: ./minishell: Permission denied]
563: Expected [0] status but found [126]
563: Expected [hola] output but found []
563: Expected no error output but found [./minitester.sh: line 299: ./minishell: Permission denied]
564: Expected [0] status but found [126]
564: Expected [hola] output but found []
564: Expected no error output but found [./minitester.sh: line 299: ./minishell: Permission denied]
565: Expected [0] status but found [126]
565: Expected [hola] output but found []
565: Expected no error output but found [./minitester.sh: line 299: ./minishell: Permission denied]
566: Expected [0] status but found [126]
566: Expected [hola


hola] output but found []
566: Expected no error output but found [./minitester.sh: line 299: ./minishell: Permission denied]
567: Expected [0] status but found [126]
567: Expected [bonjour hola] output but found []
567: Expected no error output but found [./minitester.sh: line 299: ./minishell: Permission denied]
568: Expected [0] status but found [126]
568: Expected [] output but found []
568: Expected no error output but found [./minitester.sh: line 299: ./minishell: Permission denied]
569: Expected [0] status but found [126]
569: Expected [hola1  hola2  [...]] output but found []
569: Expected no error output but found [./minitester.sh: line 299: ./minishell: Permission denied]
570: Expected [0] status but found [126]
570: Expected [hola1  hola2  [...]] output but found []
570: Expected no error output but found [./minitester.sh: line 299: ./minishell: Permission denied]
571: Expected [0] status but found [126]
571: Expected [pwd] output but found []
571: Expected no error output but found [./minitester.sh: line 299: ./minishell: Permission denied]
572: Expected [1] status but found [126]
572: Expected [minishell: pwd: No such file or directory] error output but found [./minitester.sh: line 299: ./minishell: Permission denied]
573: Expected [1] status but found [126]
573: Expected [.: not enough arguments] error output but found [./minitester.sh: line 299: ./minishell: Permission denied]
574: Expected [1] status but found [126]
574: Expected [minishell: pwd: No such file or directory] error output but found [./minitester.sh: line 299: ./minishell: Permission denied]
575: Expected [1] status but found [126]
575: Expected [minishell: srcs/pwd: No such file or directory] error output but found [./minitester.sh: line 299: ./minishell: Permission denied]
576: Expected [1] status but found [126]
576: Expected [minishell: ../pwd: No such file or directory] error output but found [./minitester.sh: line 299: ./minishell: Permission denied]
577: Expected [2] status but found [126]
577: Expected [minishell: syntax error near unexpected token `newline'] error output but found [./minitester.sh: line 299: ./minishell: Permission denied]
578: Expected [2] status but found [126]
578: Expected [minishell: syntax error near unexpected token `>'] error output but found [./minitester.sh: line 299: ./minishell: Permission denied]
579: Expected [2] status but found [126]
579: Expected [minishell: syntax error near unexpected token `<<'] error output but found [./minitester.sh: line 299: ./minishell: Permission denied]
580: Expected [2] status but found [126]
580: Expected [minishell: syntax error near unexpected token `>'] error output but found [./minitester.sh: line 299: ./minishell: Permission denied]
581: Expected [1] status but found [126]
581: Expected [minishell: ls: No such file or directory] error output but found [./minitester.sh: line 299: ./minishell: Permission denied]
582: Expected [1] status but found [126]
582: Expected [minishell: ls: No such file or directory] error output but found [./minitester.sh: line 299: ./minishell: Permission denied]
583: Expected [0] status but found [126]
583: Expected [


ls1  [...]] output but found []
583: Expected [minishell: ls2: No such file or directory] error output but found [./minitester.sh: line 299: ./minishell: Permission denied]
584: Expected [0] status but found [126]
584: Expected no error output but found [./minitester.sh: line 299: ./minishell: Permission denied]
585: Expected [0] status but found [126]
585: Expected [hola] output but found []
585: Expected no error output but found [./minitester.sh: line 299: ./minishell: Permission denied]
586: Expected [0] status but found [126]
586: Expected [hola] output but found []
586: Expected no error output but found [./minitester.sh: line 299: ./minishell: Permission denied]
587: Expected [0] status but found [126]
587: Expected [hola] output but found []
587: Expected no error output but found [./minitester.sh: line 299: ./minishell: Permission denied]
588: Expected [0] status but found [126]
588: Expected [hola] output but found []
588: Expected no error output but found [./minitester.sh: line 299: ./minishell: Permission denied]
589: Expected [0] status but found [126]
589: Expected [hola] output but found []
589: Expected no error output but found [./minitester.sh: line 299: ./minishell: Permission denied]
590: Expected [0] status but found [126]
590: Expected [hola] output but found []
590: Expected no error output but found [./minitester.sh: line 299: ./minishell: Permission denied]
591: Expected [0] status but found [126]
591: Expected [hola] output but found []
591: Expected no error output but found [./minitester.sh: line 299: ./minishell: Permission denied]
592: Expected [0] status but found [126]
592: Expected [hola] output but found []
592: Expected no error output but found [./minitester.sh: line 299: ./minishell: Permission denied]
593: Expected [0] status but found [126]
593: Expected [hola


que tal] output but found []
593: Expected no error output but found [./minitester.sh: line 299: ./minishell: Permission denied]
594: Expected [0] status but found [126]
594: Expected [que tal] output but found []
594: Expected no error output but found [./minitester.sh: line 299: ./minishell: Permission denied]
595: Expected [0] status but found [126]
595: Expected [hola] output but found []
595: Expected no error output but found [./minitester.sh: line 299: ./minishell: Permission denied]
596: Expected [0] status but found [126]
596: Expected [bonjour 1' [...]] output but found []
596: Expected no error output but found [./minitester.sh: line 299: ./minishell: Permission denied]
597: Expected [1] status but found [126]
597: Expected [bonjour [...]] output but found []
597: Expected no error output but found [./minitester.sh: line 299: ./minishell: Permission denied]
598: Expected [0] status but found [126]
598: Expected [minishell: prout: No such file or directory] error output but found [./minitester.sh: line 299: ./minishell: Permission denied]
599: Expected [0] status but found [126]
599: Expected [


bonjour  hello] output but found []
599: Expected [minishell: prout: No such file or directory] error output but found [./minitester.sh: line 299: ./minishell: Permission denied]
600: Expected [0] status but found [126]
600: Expected [] output but found []
600: Expected [minishell: prout: No such file or directory] error output but found [./minitester.sh: line 299: ./minishell: Permission denied]
601: Expected [0] status but found [126]
601: Expected [


bonjour] output but found []
601: Expected [minishell: prout: No such file or directory] error output but found [./minitester.sh: line 299: ./minishell: Permission denied]
602: Expected [0] status but found [126]
602: Expected [minishell: prout: No such file or directory] error output but found [./minitester.sh: line 299: ./minishell: Permission denied]
603: Expected [0] status but found [126]
603: Expected [


bonjour  hello] output but found []
603: Expected [minishell: prout: No such file or directory] error output but found [./minitester.sh: line 299: ./minishell: Permission denied]
604: Expected [0] status but found [126]
604: Expected [] output but found []
604: Expected [minishell: prout: No such file or directory] error output but found [./minitester.sh: line 299: ./minishell: Permission denied]
605: Expected [0] status but found [126]
605: Expected [


bonjour] output but found []
605: Expected [minishell: prout: No such file or directory] error output but found [./minitester.sh: line 299: ./minishell: Permission denied]
606: Expected [0] status but found [126]
606: Expected [] output but found []
606: Expected [minishell: prout: No such file or directory] error output but found [./minitester.sh: line 299: ./minishell: Permission denied]
607: Expected [0] status but found [126]
607: Expected [


bonjour] output but found []
607: Expected [minishell: prout: No such file or directory] error output but found [./minitester.sh: line 299: ./minishell: Permission denied]
608: Expected [0] status but found [126]
608: Expected [


bonjour] output but found []
608: Expected [minishell: prout: No such file or directory] error output but found [./minitester.sh: line 299: ./minishell: Permission denied]
609: Expected [0] status but found [126]
609: Expected [] output but found []
609: Expected [minishell: prout: No such file or directory] error output but found [./minitester.sh: line 299: ./minishell: Permission denied]
610: Expected [0] status but found [126]
610: Expected [


bonjour] output but found []
610: Expected [minishell: prout: No such file or directory] error output but found [./minitester.sh: line 299: ./minishell: Permission denied]
611: Expected [0] status but found [126]
611: Expected [


bonjour] output but found []
611: Expected [minishell: prout: No such file or directory] error output but found [./minitester.sh: line 299: ./minishell: Permission denied]
612: Expected [0] status but found [126]
612: Expected [


bonjour] output but found []
612: Expected [minishell: prout: No such file or directory] error output but found [./minitester.sh: line 299: ./minishell: Permission denied]
613: Expected [0] status but found [126]
613: Expected [hola] output but found []
613: Expected no error output but found [./minitester.sh: line 299: ./minishell: Permission denied]
614: Expected [0] status but found [126]
614: Expected [minishell: prout: No such file or directory] error output but found [./minitester.sh: line 299: ./minishell: Permission denied]
615: Expected [0] status but found [126]
615: Expected [minishell: prout: No such file or directory] error output but found [./minitester.sh: line 299: ./minishell: Permission denied]
616: Expected [0] status but found [126]
616: Expected [] output but found []
616: Expected [minishell: prout: No such file or directory] error output but found [./minitester.sh: line 299: ./minishell: Permission denied]
617: Expected [0] status but found [126]
617: Expected [minishell: prout: No such file or directory] error output but found [./minitester.sh: line 299: ./minishell: Permission denied]
618: Expected [0] status but found [126]
618: Expected [      0       0       0] output but found []
618: Expected no error output but found [./minitester.sh: line 299: ./minishell: Permission denied]
619: Expected [2] status but found [126]
619: Expected [ls: cannot access 'bonjour': No such file or directory] error output but found [./minitester.sh: line 299: ./minishell: Permission denied]
620: Expected [0] status but found [126]
620: Expected ['bonjour hello' [...]] output but found []
620: Expected no error output but found [./minitester.sh: line 299: ./minishell: Permission denied]
621: Expected [0] status but found [126]
621: Expected ['bonjour hello' [...]] output but found []
621: Expected no error output but found [./minitester.sh: line 299: ./minishell: Permission denied]
622: Expected [0] status but found [126]
622: Expected [HOLA [...]] output but found []
622: Expected no error output but found [./minitester.sh: line 299: ./minishell: Permission denied]
623: Expected [0] status but found [126]
623: Expected ['bonjour hello' hey [...]] output but found []
623: Expected no error output but found [./minitester.sh: line 299: ./minishell: Permission denied]
624: Expected [0] status but found [126]
624: Expected ['bonjour hello' hey [...]] output but found []
624: Expected no error output but found [./minitester.sh: line 299: ./minishell: Permission denied]
625: Expected [0] status but found [126]
625: Expected ['bonjour hello' hey [...]] output but found []
625: Expected no error output but found [./minitester.sh: line 299: ./minishell: Permission denied]
626: Expected [0] status but found [126]
626: Expected [] output but found []
626: Expected no error output but found [./minitester.sh: line 299: ./minishell: Permission denied]
627: Expected [0] status but found [126]
627: Expected no error output but found [./minitester.sh: line 299: ./minishell: Permission denied]
628: Expected [0] status but found [126]
628: Expected [Prout] output but found []
628: Expected no error output but found [./minitester.sh: line 299: ./minishell: Permission denied]
629: Expected [0] status but found [126]
629: Expected [] output but found []
629: Expected no error output but found [./minitester.sh: line 299: ./minishell: Permission denied]
630: Expected [0] status but found [126]
630: Expected [] output but found []
630: Expected no error output but found [./minitester.sh: line 299: ./minishell: Permission denied]
631: Expected [0] status but found [126]
631: Expected [] output but found []
631: Expected no error output but found [./minitester.sh: line 299: ./minishell: Permission denied]
632: Expected [0] status but found [126]
632: Expected [] output but found []
632: Expected no error output but found [./minitester.sh: line 299: ./minishell: Permission denied]
633: Expected [0] status but found [126]
633: Expected [total 16


drwx------  2 user [...] .] output but found []
633: Expected no error output but found [./minitester.sh: line 299: ./minishell: Permission denied]
634: Expected [0] status but found [126]
634: Expected [Amour Tu es Horrible] output but found []
634: Expected no error output but found [./minitester.sh: line 299: ./minishell: Permission denied]
635: Expected [0] status but found [126]
635: Expected [


Amour] output but found []
635: Expected no error output but found [./minitester.sh: line 299: ./minishell: Permission denied]
636: Expected [0] status but found [126]
636: Expected [Amour Tu Es Horrible] output but found []
636: Expected no error output but found [./minitester.sh: line 299: ./minishell: Permission denied]
637: Expected [0] status but found [126]
637: Expected no error output but found [./minitester.sh: line 299: ./minishell: Permission denied]
/// heredoc tests ///
638: Expected [0] status but found [126]
638: Expected [/home/user] output but found []
638: Expected no error output but found [./minitester.sh: line 299: ./minishell: Permission denied]
639: Expected [0] status but found [126]
639: Expected [$HOME] output but found []
639: Expected no error output but found [./minitester.sh: line 299: ./minishell: Permission denied]
640: Expected [0] status but found [126]
640: Expected [$HOME] output but found []
640: Expected no error output but found [./minitester.sh: line 299: ./minishell: Permission denied]
641: Expected [0] status but found [126]
641: Expected [$HOME] output but found []
641: Expected no error output but found [./minitester.sh: line 299: ./minishell: Permission denied]
642: Expected [0] status but found [126]
642: Expected [prout


/home/user] output but found []
642: Expected no error output but found [./minitester.sh: line 299: ./minishell: Permission denied]
643: Expected [0] status but found [126]
643: Expected [prout


bruh] output but found []
643: Expected no error output but found [./minitester.sh: line 299: ./minishell: Permission denied]
644: Expected [0] status but found [126]
644: Expected [tuorp


hurb] output but found []
644: Expected no error output but found [./minitester.sh: line 299: ./minishell: Permission denied]
645: Expected [0] status but found [126]
645: Expected no error output but found [./minitester.sh: line 299: ./minishell: Permission denied]
646: Expected [0] status but found [126]
646: Expected no error output but found [./minitester.sh: line 299: ./minishell: Permission denied]
647: Expected [2] status but found [126]
647: Expected [minishell: syntax error near unexpected token `newline'] error output but found [./minitester.sh: line 299: ./minishell: Permission denied]
648: Expected [0] status but found [126]
648: Expected no error output but found [./minitester.sh: line 299: ./minishell: Permission denied]
649: Expected [127] status but found [126]
649: Expected [prout: command not found] error output but found [./minitester.sh: line 299: ./minishell: Permission denied]
650: Expected [0] status but found [126]
650: Expected no error output but found [./minitester.sh: line 299: ./minishell: Permission denied]
651: Expected [0] status but found [126]
651: Expected no error output but found [./minitester.sh: line 299: ./minishell: Permission denied]
652: Expected [0] status but found [126]
652: Expected no error output but found [./minitester.sh: line 299: ./minishell: Permission denied]
653: Expected [0] status but found [126]
653: Expected no error output but found [./minitester.sh: line 299: ./minishell: Permission denied]
654: Expected [0] status but found [126]
654: Expected [hola] output but found []
654: Expected no error output but found [./minitester.sh: line 299: ./minishell: Permission denied]
655: Expected [2] status but found [126]
655: Expected [minishell: syntax error near unexpected token `<'] error output but found [./minitester.sh: line 299: ./minishell: Permission denied]
656: Expected [2] status but found [126]
656: Expected [minishell: syntax error near unexpected token `<<'] error output but found [./minitester.sh: line 299: ./minishell: Permission denied]
/// parandor tests ///
657: Expected [0] status but found [126]
657: Expected [/home/user/Desktop/42cursus/minishell/_402/minishell42tester-main


minitester.sh] output but found []
657: Expected no error output but found [./minitester.sh: line 299: ./minishell: Permission denied]
658: Expected [0] status but found [126]
658: Expected [/home/user/Desktop/42cursus/minishell/_402/minishell42tester-main] output but found []
658: Expected no error output but found [./minitester.sh: line 299: ./minishell: Permission denied]
659: Expected [0] status but found [126]
659: Expected [hola] output but found []
659: Expected no error output but found [./minitester.sh: line 299: ./minishell: Permission denied]
660: Expected [0] status but found [126]
660: Expected [hola


bonjour] output but found []
660: Expected no error output but found [./minitester.sh: line 299: ./minishell: Permission denied]
661: Expected [0] status but found [126]
661: Expected [bonjour] output but found []
661: Expected no error output but found [./minitester.sh: line 299: ./minishell: Permission denied]
662: Expected [0] status but found [126]
662: Expected [bonjour


hola] output but found []
662: Expected no error output but found [./minitester.sh: line 299: ./minishell: Permission denied]
663: Expected [0] status but found [126]
663: Expected [bonjourhola] output but found []
663: Expected no error output but found [./minitester.sh: line 299: ./minishell: Permission denied]
664: Expected [0] status but found [126]
664: Expected [/home/user/Desktop/42cursus/minishell/_402/minishell42tester-main


minitester.sh] output but found []
664: Expected no error output but found [./minitester.sh: line 299: ./minishell: Permission denied]
665: Expected [0] status but found [126]
665: Expected [/home/user/Desktop/42cursus/minishell/_402/minishell42tester-main


hola] output but found []
665: Expected no error output but found [./minitester.sh: line 299: ./minishell: Permission denied]
666: Expected [0] status but found [126]
666: Expected [/home/user/Desktop/42cursus/minishell/_402/minishell42tester-main


minitester.sh] output but found []
666: Expected no error output but found [./minitester.sh: line 299: ./minishell: Permission denied]
667: Expected [0] status but found [126]
667: Expected [/home/user/Desktop/42cursus/minishell/_402/minishell42tester-main] output but found []
667: Expected no error output but found [./minitester.sh: line 299: ./minishell: Permission denied]
668: Expected [0] status but found [126]
668: Expected [minitester.sh] output but found []
668: Expected no error output but found [./minitester.sh: line 299: ./minishell: Permission denied]
669: Expected [0] status but found [126]
669: Expected [minitester.sh] output but found []
669: Expected [minishell: export: `': not a valid identifier] error output but found [./minitester.sh: line 299: ./minishell: Permission denied]
670: Expected [1] status but found [126]
670: Expected [minitester.sh] output but found []
670: Expected [minishell: export: `': not a valid identifier] error output but found [./minitester.sh: line 299: ./minishell: Permission denied]
671: Expected [1] status but found [126]
671: Expected [minishell: export: `': not a valid identifier] error output but found [./minitester.sh: line 299: ./minishell: Permission denied]
672: Expected [2] status but found [126]
673: Expected [2] status but found [126]
674: Expected [2] status but found [126]
675: Expected [2] status but found [126]
676: Expected [2] status but found [126]
676: Expected [minishell: syntax error near unexpected token `newline'] error output but found [./minitester.sh: line 299: ./minishell: Permission denied]
677: Expected [2] status but found [126]
677: Expected [minishell: syntax error near unexpected token `newline'] error output but found [./minitester.sh: line 299: ./minishell: Permission denied]
678: Expected [0] status but found [126]
678: Expected no error output but found [./minitester.sh: line 299: ./minishell: Permission denied]
679: Expected [0] status but found [126]
679: Expected [] output but found []
679: Expected no error output but found [./minitester.sh: line 299: ./minishell: Permission denied]
680: Expected [0] status but found [126]
680: Expected [minitester.sh] output but found []
680: Expected no error output but found [./minitester.sh: line 299: ./minishell: Permission denied]
681: Expected [0] status but found [126]
681: Expected [minitester.sh] output but found []
681: Expected no error output but found [./minitester.sh: line 299: ./minishell: Permission denied]
682: Expected [1] status but found [126]
682: Expected [minishell: export: `': not a valid identifier] error output but found [./minitester.sh: line 299: ./minishell: Permission denied]
683: Expected [0] status but found [126]
683: Expected [minitester.sh] output but found []
683: Expected no error output but found [./minitester.sh: line 299: ./minishell: Permission denied]
684: Expected [0] status but found [126]
684: Expected [minitester.sh] output but found []
684: Expected no error output but found [./minitester.sh: line 299: ./minishell: Permission denied]
685: Expected [2] status but found [126]
685: Expected [minishell: syntax error near unexpected token `)'] error output but found [./minitester.sh: line 299: ./minishell: Permission denied]
686: Expected [0] status but found [126]
686: Expected [minitester.sh


minitester.sh] output but found []
686: Expected no error output but found [./minitester.sh: line 299: ./minishell: Permission denied]
687: Expected [0] status but found [126]
687: Expected [minitester.sh


/home/user/Desktop/42cursus/minishell/_402/minishell42tester-main] output but found []
687: Expected no error output but found [./minitester.sh: line 299: ./minishell: Permission denied]
688: Expected [0] status but found [126]
688: Expected [minitester.sh


/home/user/Desktop/42cursus/minishell/_402/minishell42tester-main] output but found []
688: Expected no error output but found [./minitester.sh: line 299: ./minishell: Permission denied]
689: Expected [0] status but found [126]
689: Expected [minitester.sh


/home/user/Desktop/42cursus/minishell/_402/minishell42tester-main] output but found []
689: Expected no error output but found [./minitester.sh: line 299: ./minishell: Permission denied]
690: Expected [0] status but found [126]
690: Expected [minitester.sh


/home/user/Desktop/42cursus/minishell/_402/minishell42tester-main] output but found []
690: Expected no error output but found [./minitester.sh: line 299: ./minishell: Permission denied]
691: Expected [0] status but found [126]
691: Expected [crashtest.c


Docs] output but found []
691: Expected no error output but found [./minitester.sh: line 299: ./minishell: Permission denied]
692: Expected [0] status but found [126]
692: Expected [/home/user/Desktop/42cursus/minishell/_402/minishell42tester-main] output but found []
692: Expected no error output but found [./minitester.sh: line 299: ./minishell: Permission denied]
693: Expected [2] status but found [126]
693: Expected [minishell: syntax error near unexpected token `('] error output but found [./minitester.sh: line 299: ./minishell: Permission denied]
694: Expected [0] status but found [126]
694: Expected [logfile.txt] output but found []
694: Expected no error output but found [./minitester.sh: line 299: ./minishell: Permission denied]
695: Expected [0] status but found [126]
695: Expected [logfile.txt] output but found []
695: Expected [minishell: pwd: No such file or directory] error output but found [./minitester.sh: line 299: ./minishell: Permission denied]
696: Expected [1] status but found [126]
696: Expected [minishell: pwd: No such file or directory] error output but found [./minitester.sh: line 299: ./minishell: Permission denied]
697: Expected [0] status but found [126]
697: Expected [/home/user/Desktop/42cursus/minishell/_402/minishell42tester-main] output but found []
697: Expected no error output but found [./minitester.sh: line 299: ./minishell: Permission denied]
698: Expected [2] status but found [126]
698: Expected [minishell: syntax error near unexpected token `)'] error output but found [./minitester.sh: line 299: ./minishell: Permission denied]
699: Expected [2] status but found [126]
699: Expected [minishell: syntax error near unexpected token `('] error output but found [./minitester.sh: line 299: ./minishell: Permission denied]
700: Expected [0] status but found [126]
700: Expected [logfile.txt


logfile.txt] output but found []
700: Expected no error output but found [./minitester.sh: line 299: ./minishell: Permission denied]
701: Expected [0] status but found [126]
701: Expected [/home/user/Desktop/42cursus/minishell/_402/minishell42tester-main


/home/user/Desktop/42cursus/minishell/_402/minishell42tester-main] output but found []
702: Expected [127] status but found [126]
702: Expected [lss: command not found] error output but found [./minitester.sh: line 299: ./minishell: Permission denied]
703: Expected [0] status but found [126]
703: Expected [crashtest.c


Docs] output but found []
703: Expected no error output but found [./minitester.sh: line 299: ./minishell: Permission denied]
704: Expected [0] status but found [126]
704: Expected [crashtest.c


Docs] output but found []
704: Expected no error output but found [./minitester.sh: line 299: ./minishell: Permission denied]
705: Expected [0] status but found [126]
705: Expected [hey] output but found []
705: Expected no error output but found [./minitester.sh: line 299: ./minishell: Permission denied]
706: Expected [0] status but found [126]
706: Expected [      1       1      34] output but found []
706: Expected no error output but found [./minitester.sh: line 299: ./minishell: Permission denied]
707: Expected [0] status but found [126]
707: Expected [logfile.txt


      1       1      34] output but found []
707: Expected no error output but found [./minitester.sh: line 299: ./minishell: Permission denied]
708: Expected [0] status but found [126]
708: Expected [      1       1      34] output but found []
708: Expected [ls: invalid option -- 'z'] error output but found [./minitester.sh: line 299: ./minishell: Permission denied]
709: Expected [0] status but found [126]
709: Expected [      1       1      34] output but found []
709: Expected no error output but found [./minitester.sh: line 299: ./minishell: Permission denied]
710: Expected [0] status but found [126]
710: Expected [logfile.txt


      1       1      34] output but found []
710: Expected no error output but found [./minitester.sh: line 299: ./minishell: Permission denied]
711: Expected [0] status but found [126]
711: Expected [      1       1      34] output but found []
711: Expected [ls: invalid option -- 'z'] error output but found [./minitester.sh: line 299: ./minishell: Permission denied]
712: Expected [0] status but found [126]
712: Expected [/home/user/Desktop/42cursus/minishell/_402/minishell42tester-main


logfile.txt] output but found []
712: Expected [ls: invalid option -- 'z'] error output but found [./minitester.sh: line 299: ./minishell: Permission denied]
713: Expected [0] status but found [126]
713: Expected [logfile.txt


      1       1      34] output but found []
713: Expected no error output but found [./minitester.sh: line 299: ./minishell: Permission denied]
714: Expected [2] status but found [126]
714: Expected [ls: invalid option -- 'z'] error output but found [./minitester.sh: line 299: ./minishell: Permission denied]
715: Expected [0] status but found [126]
715: Expected [/home/user/Desktop/42cursus/minishell/_402/minishell42tester-main] output but found []
715: Expected no error output but found [./minitester.sh: line 299: ./minishell: Permission denied]
716: Expected [0] status but found [126]
716: Expected [/home/user/Desktop/42cursus/minishell/_402/minishell42tester-main] output but found []
716: Expected no error output but found [./minitester.sh: line 299: ./minishell: Permission denied]
717: Expected [0] status but found [126]
717: Expected [/home/user/


/home/user/] output but found []
717: Expected no error output but found [./minitester.sh: line 299: ./minishell: Permission denied]
718: Expected [0] status but found [126]
718: Expected [/home/user/


/home/user/Desktop/42cursus/minishell/_402/minishell42tester-main] output but found []
718: Expected no error output but found [./minitester.sh: line 299: ./minishell: Permission denied]
719: Expected [0] status but found [126]
719: Expected [/home/user] output but found []
719: Expected no error output but found [./minitester.sh: line 299: ./minishell: Permission denied]
720: Expected [0] status but found [126]
720: Expected [/home/user] output but found []
720: Expected no error output but found [./minitester.sh: line 299: ./minishell: Permission denied]
721: Expected [2] status but found [126]
721: Expected [minishell: syntax error near unexpected token `&&'] error output but found [./minitester.sh: line 299: ./minishell: Permission denied]
722: Expected [2] status but found [126]
722: Expected [minishell: syntax error near unexpected token `||'] error output but found [./minitester.sh: line 299: ./minishell: Permission denied]
723: Expected [2] status but found [126]
723: Expected [minishell: syntax error near unexpected token `&&'] error output but found [./minitester.sh: line 299: ./minishell: Permission denied]
724: Expected [2] status but found [126]
724: Expected [minishell: syntax error near unexpected token `||'] error output but found [./minitester.sh: line 299: ./minishell: Permission denied]
/// wildcard tests ///
725: Expected [0] status but found [126]
725: Expected [minitester.sh] output but found []
725: Expected no error output but found [./minitester.sh: line 299: ./minishell: Permission denied]
726: Expected [0] status but found [126]
726: Expected [ignore_rl_leaks.supp


logfile.txt] output but found []
726: Expected no error output but found [./minitester.sh: line 299: ./minishell: Permission denied]
727: Expected [2] status but found [126]
727: Expected [ls: cannot access '*.hola': No such file or directory] error output but found [./minitester.sh: line 299: ./minishell: Permission denied]
728: Expected [0] status but found [126]
728: Expected [syntax;] output but found []
728: Expected no error output but found [./minitester.sh: line 299: ./minishell: Permission denied]
729: Expected [1] status but found [126]
729: Expected [cat: '.*es*are': No such file or directory] error output but found [./minitester.sh: line 299: ./minishell: Permission denied]
730: Expected [0] status but found [126]
730: Expected [syntax;] output but found []
730: Expected no error output but found [./minitester.sh: line 299: ./minishell: Permission denied]
